<?xml version="1.0" encoding="UTF-8"?>
<robot generator="Robot 3.1.2 (Python 3.7.0 on win32)" generated="20200605 19:18:08.508" rpa="false">
<suite id="s1" name="DataDriven" source="C:\Users\AC49605\Desktop\Robot\DataDriven">
<suite id="s1-s1" name="Test Suite" source="C:\Users\AC49605\Desktop\Robot\DataDriven\Test_Suite">
<suite id="s1-s1-s1" name="TC01" source="C:\Users\AC49605\Desktop\Robot\DataDriven\Test_Suite\TC01.robot">
<test id="s1-s1-s1-t1" name="ReadExcelData">
<kw name="Load Excel Data" library="loadExcel">
<arguments>
<arg>Sheet1</arg>
<arg>TC01</arg>
<arg>Username</arg>
</arguments>
<assign>
<var>${username}</var>
</assign>
<kw name="Open Excel" library="ExcelRobot">
<doc>Opens the Excel file to read from the path provided in the file path parameter.</doc>
<arguments>
<arg>C:/Users/AC49605/Desktop/Robot/DataDriven/Test_Data/DataSheet.xlsx</arg>
</arguments>
<msg timestamp="20200605 19:18:11.306" level="INFO">Opening file at C:/Users/AC49605/Desktop/Robot/DataDriven/Test_Data/DataSheet.xlsx</msg>
<status status="PASS" starttime="20200605 19:18:11.305" endtime="20200605 19:18:11.321"></status>
</kw>
<kw name="Get Data From Column" library="GetExcelData">
<arguments>
<arg>${SheetName}</arg>
<arg>${TestcaseName}</arg>
<arg>${TestcaseColumnName}</arg>
</arguments>
<assign>
<var>${colData}</var>
</assign>
<kw name="Get Column Count" library="ExcelRobot">
<doc>Returns the specific number of columns of the sheet name specified.</doc>
<arguments>
<arg>${sSheetname}</arg>
</arguments>
<assign>
<var>${col_Count}</var>
</assign>
<msg timestamp="20200605 19:18:11.323" level="INFO">${col_Count} = 3</msg>
<status status="PASS" starttime="20200605 19:18:11.323" endtime="20200605 19:18:11.324"></status>
</kw>
<kw name="Log" library="BuiltIn">
<doc>Logs the given message with the given level.</doc>
<arguments>
<arg>${sSheetname}</arg>
</arguments>
<msg timestamp="20200605 19:18:11.325" level="INFO">Sheet1</msg>
<status status="PASS" starttime="20200605 19:18:11.324" endtime="20200605 19:18:11.325"></status>
</kw>
<kw name="${y} IN RANGE [ 0 | ${col_Count} ]" type="for">
<kw name="${y} = 0" type="foritem">
<kw name="Read Cell Data" library="ExcelRobot">
<doc>Uses the column and row to return the data from that cell.</doc>
<arguments>
<arg>${sSheetname}</arg>
<arg>${y}</arg>
<arg>0</arg>
</arguments>
<assign>
<var>${Header}</var>
</assign>
<msg timestamp="20200605 19:18:11.328" level="INFO">${Header} = Testcase Name</msg>
<status status="PASS" starttime="20200605 19:18:11.327" endtime="20200605 19:18:11.328"></status>
</kw>
<kw name="Run Keyword If" library="BuiltIn">
<doc>Runs the given keyword with the given arguments, if ``condition`` is true.</doc>
<arguments>
<arg>'${Header}'=='${sTCColumnName}'</arg>
<arg>Set Test Variable</arg>
<arg>${col_num}</arg>
<arg>${y}</arg>
</arguments>
<status status="PASS" starttime="20200605 19:18:11.328" endtime="20200605 19:18:11.329"></status>
</kw>
<status status="PASS" starttime="20200605 19:18:11.326" endtime="20200605 19:18:11.329"></status>
</kw>
<kw name="${y} = 1" type="foritem">
<kw name="Read Cell Data" library="ExcelRobot">
<doc>Uses the column and row to return the data from that cell.</doc>
<arguments>
<arg>${sSheetname}</arg>
<arg>${y}</arg>
<arg>0</arg>
</arguments>
<assign>
<var>${Header}</var>
</assign>
<msg timestamp="20200605 19:18:11.331" level="INFO">${Header} = Username</msg>
<status status="PASS" starttime="20200605 19:18:11.330" endtime="20200605 19:18:11.331"></status>
</kw>
<kw name="Run Keyword If" library="BuiltIn">
<doc>Runs the given keyword with the given arguments, if ``condition`` is true.</doc>
<arguments>
<arg>'${Header}'=='${sTCColumnName}'</arg>
<arg>Set Test Variable</arg>
<arg>${col_num}</arg>
<arg>${y}</arg>
</arguments>
<kw name="Set Test Variable" library="BuiltIn">
<doc>Makes a variable available everywhere within the scope of the current test.</doc>
<arguments>
<arg>${col_num}</arg>
<arg>${y}</arg>
</arguments>
<msg timestamp="20200605 19:18:11.334" level="INFO">${col_num} = 1</msg>
<status status="PASS" starttime="20200605 19:18:11.332" endtime="20200605 19:18:11.335"></status>
</kw>
<status status="PASS" starttime="20200605 19:18:11.331" endtime="20200605 19:18:11.335"></status>
</kw>
<status status="PASS" starttime="20200605 19:18:11.330" endtime="20200605 19:18:11.335"></status>
</kw>
<kw name="${y} = 2" type="foritem">
<kw name="Read Cell Data" library="ExcelRobot">
<doc>Uses the column and row to return the data from that cell.</doc>
<arguments>
<arg>${sSheetname}</arg>
<arg>${y}</arg>
<arg>0</arg>
</arguments>
<assign>
<var>${Header}</var>
</assign>
<msg timestamp="20200605 19:18:11.337" level="INFO">${Header} = password</msg>
<status status="PASS" starttime="20200605 19:18:11.336" endtime="20200605 19:18:11.337"></status>
</kw>
<kw name="Run Keyword If" library="BuiltIn">
<doc>Runs the given keyword with the given arguments, if ``condition`` is true.</doc>
<arguments>
<arg>'${Header}'=='${sTCColumnName}'</arg>
<arg>Set Test Variable</arg>
<arg>${col_num}</arg>
<arg>${y}</arg>
</arguments>
<status status="PASS" starttime="20200605 19:18:11.338" endtime="20200605 19:18:11.338"></status>
</kw>
<status status="PASS" starttime="20200605 19:18:11.336" endtime="20200605 19:18:11.339"></status>
</kw>
<status status="PASS" starttime="20200605 19:18:11.326" endtime="20200605 19:18:11.339"></status>
</kw>
<kw name="Log" library="BuiltIn">
<doc>Logs the given message with the given level.</doc>
<arguments>
<arg>${col_num}</arg>
</arguments>
<msg timestamp="20200605 19:18:11.340" level="INFO">1</msg>
<status status="PASS" starttime="20200605 19:18:11.340" endtime="20200605 19:18:11.340"></status>
</kw>
<kw name="Get Row Count" library="ExcelRobot">
<doc>Returns the specific number of rows of the sheet name specified.</doc>
<arguments>
<arg>${sSheetname}</arg>
</arguments>
<assign>
<var>${total_row}</var>
</assign>
<msg timestamp="20200605 19:18:11.341" level="INFO">${total_row} = 3</msg>
<status status="PASS" starttime="20200605 19:18:11.341" endtime="20200605 19:18:11.342"></status>
</kw>
<kw name="${row_num} IN RANGE [ 1 | ${total_row}+1 ]" type="for">
<kw name="${row_num} = 1" type="foritem">
<kw name="Read Cell Data" library="ExcelRobot">
<doc>Uses the column and row to return the data from that cell.</doc>
<arguments>
<arg>${sSheetname}</arg>
<arg>0</arg>
<arg>${row_num}</arg>
</arguments>
<assign>
<var>${TC_Num}</var>
</assign>
<msg timestamp="20200605 19:18:11.344" level="INFO">${TC_Num} = TC01</msg>
<status status="PASS" starttime="20200605 19:18:11.343" endtime="20200605 19:18:11.344"></status>
</kw>
<kw name="Run Keyword If" library="BuiltIn">
<doc>Runs the given keyword with the given arguments, if ``condition`` is true.</doc>
<arguments>
<arg>'${sTestcaseNo}'=='${TC_Num}'</arg>
<arg>Read Cell Data</arg>
<arg>${sSheetname}</arg>
<arg>${col_num}</arg>
<arg>${row_num}</arg>
</arguments>
<assign>
<var>${sSearchedData}</var>
</assign>
<kw name="Read Cell Data" library="ExcelRobot">
<doc>Uses the column and row to return the data from that cell.</doc>
<arguments>
<arg>${sSheetname}</arg>
<arg>${col_num}</arg>
<arg>${row_num}</arg>
</arguments>
<status status="PASS" starttime="20200605 19:18:11.346" endtime="20200605 19:18:11.347"></status>
</kw>
<msg timestamp="20200605 19:18:11.347" level="INFO">${sSearchedData} = Admin</msg>
<status status="PASS" starttime="20200605 19:18:11.345" endtime="20200605 19:18:11.347"></status>
</kw>
<kw name="Run Keyword If" library="BuiltIn">
<doc>Runs the given keyword with the given arguments, if ``condition`` is true.</doc>
<arguments>
<arg>"${sTestcaseNo}"=="${TC_Num}"</arg>
<arg>Exit For Loop</arg>
</arguments>
<kw name="Exit For Loop" library="BuiltIn">
<doc>Stops executing the enclosing for loop.</doc>
<msg timestamp="20200605 19:18:11.349" level="INFO">Exiting for loop altogether.</msg>
<status status="PASS" starttime="20200605 19:18:11.349" endtime="20200605 19:18:11.350"></status>
</kw>
<status status="PASS" starttime="20200605 19:18:11.348" endtime="20200605 19:18:11.350"></status>
</kw>
<status status="PASS" starttime="20200605 19:18:11.343" endtime="20200605 19:18:11.352"></status>
</kw>
<status status="PASS" starttime="20200605 19:18:11.342" endtime="20200605 19:18:11.352"></status>
</kw>
<msg timestamp="20200605 19:18:11.353" level="INFO">${colData} = Admin</msg>
<status status="PASS" starttime="20200605 19:18:11.322" endtime="20200605 19:18:11.354"></status>
</kw>
<kw name="Log" library="BuiltIn">
<doc>Logs the given message with the given level.</doc>
<arguments>
<arg>${colData}</arg>
</arguments>
<msg timestamp="20200605 19:18:11.355" level="INFO">Admin</msg>
<status status="PASS" starttime="20200605 19:18:11.355" endtime="20200605 19:18:11.356"></status>
</kw>
<msg timestamp="20200605 19:18:11.356" level="INFO">${username} = Admin</msg>
<status status="PASS" starttime="20200605 19:18:11.303" endtime="20200605 19:18:11.357"></status>
</kw>
<kw name="Load Excel Data" library="loadExcel">
<arguments>
<arg>Sheet1</arg>
<arg>TC01</arg>
<arg>password</arg>
</arguments>
<assign>
<var>${password}</var>
</assign>
<kw name="Open Excel" library="ExcelRobot">
<doc>Opens the Excel file to read from the path provided in the file path parameter.</doc>
<arguments>
<arg>C:/Users/AC49605/Desktop/Robot/DataDriven/Test_Data/DataSheet.xlsx</arg>
</arguments>
<msg timestamp="20200605 19:18:11.358" level="INFO">Opening file at C:/Users/AC49605/Desktop/Robot/DataDriven/Test_Data/DataSheet.xlsx</msg>
<status status="PASS" starttime="20200605 19:18:11.358" endtime="20200605 19:18:11.360"></status>
</kw>
<kw name="Get Data From Column" library="GetExcelData">
<arguments>
<arg>${SheetName}</arg>
<arg>${TestcaseName}</arg>
<arg>${TestcaseColumnName}</arg>
</arguments>
<assign>
<var>${colData}</var>
</assign>
<kw name="Get Column Count" library="ExcelRobot">
<doc>Returns the specific number of columns of the sheet name specified.</doc>
<arguments>
<arg>${sSheetname}</arg>
</arguments>
<assign>
<var>${col_Count}</var>
</assign>
<msg timestamp="20200605 19:18:11.364" level="INFO">${col_Count} = 3</msg>
<status status="PASS" starttime="20200605 19:18:11.363" endtime="20200605 19:18:11.364"></status>
</kw>
<kw name="Log" library="BuiltIn">
<doc>Logs the given message with the given level.</doc>
<arguments>
<arg>${sSheetname}</arg>
</arguments>
<msg timestamp="20200605 19:18:11.365" level="INFO">Sheet1</msg>
<status status="PASS" starttime="20200605 19:18:11.365" endtime="20200605 19:18:11.366"></status>
</kw>
<kw name="${y} IN RANGE [ 0 | ${col_Count} ]" type="for">
<kw name="${y} = 0" type="foritem">
<kw name="Read Cell Data" library="ExcelRobot">
<doc>Uses the column and row to return the data from that cell.</doc>
<arguments>
<arg>${sSheetname}</arg>
<arg>${y}</arg>
<arg>0</arg>
</arguments>
<assign>
<var>${Header}</var>
</assign>
<msg timestamp="20200605 19:18:11.369" level="INFO">${Header} = Testcase Name</msg>
<status status="PASS" starttime="20200605 19:18:11.368" endtime="20200605 19:18:11.370"></status>
</kw>
<kw name="Run Keyword If" library="BuiltIn">
<doc>Runs the given keyword with the given arguments, if ``condition`` is true.</doc>
<arguments>
<arg>'${Header}'=='${sTCColumnName}'</arg>
<arg>Set Test Variable</arg>
<arg>${col_num}</arg>
<arg>${y}</arg>
</arguments>
<status status="PASS" starttime="20200605 19:18:11.370" endtime="20200605 19:18:11.371"></status>
</kw>
<status status="PASS" starttime="20200605 19:18:11.367" endtime="20200605 19:18:11.372"></status>
</kw>
<kw name="${y} = 1" type="foritem">
<kw name="Read Cell Data" library="ExcelRobot">
<doc>Uses the column and row to return the data from that cell.</doc>
<arguments>
<arg>${sSheetname}</arg>
<arg>${y}</arg>
<arg>0</arg>
</arguments>
<assign>
<var>${Header}</var>
</assign>
<msg timestamp="20200605 19:18:11.373" level="INFO">${Header} = Username</msg>
<status status="PASS" starttime="20200605 19:18:11.372" endtime="20200605 19:18:11.373"></status>
</kw>
<kw name="Run Keyword If" library="BuiltIn">
<doc>Runs the given keyword with the given arguments, if ``condition`` is true.</doc>
<arguments>
<arg>'${Header}'=='${sTCColumnName}'</arg>
<arg>Set Test Variable</arg>
<arg>${col_num}</arg>
<arg>${y}</arg>
</arguments>
<status status="PASS" starttime="20200605 19:18:11.374" endtime="20200605 19:18:11.374"></status>
</kw>
<status status="PASS" starttime="20200605 19:18:11.372" endtime="20200605 19:18:11.375"></status>
</kw>
<kw name="${y} = 2" type="foritem">
<kw name="Read Cell Data" library="ExcelRobot">
<doc>Uses the column and row to return the data from that cell.</doc>
<arguments>
<arg>${sSheetname}</arg>
<arg>${y}</arg>
<arg>0</arg>
</arguments>
<assign>
<var>${Header}</var>
</assign>
<msg timestamp="20200605 19:18:11.377" level="INFO">${Header} = password</msg>
<status status="PASS" starttime="20200605 19:18:11.375" endtime="20200605 19:18:11.377"></status>
</kw>
<kw name="Run Keyword If" library="BuiltIn">
<doc>Runs the given keyword with the given arguments, if ``condition`` is true.</doc>
<arguments>
<arg>'${Header}'=='${sTCColumnName}'</arg>
<arg>Set Test Variable</arg>
<arg>${col_num}</arg>
<arg>${y}</arg>
</arguments>
<kw name="Set Test Variable" library="BuiltIn">
<doc>Makes a variable available everywhere within the scope of the current test.</doc>
<arguments>
<arg>${col_num}</arg>
<arg>${y}</arg>
</arguments>
<msg timestamp="20200605 19:18:11.380" level="INFO">${col_num} = 2</msg>
<status status="PASS" starttime="20200605 19:18:11.378" endtime="20200605 19:18:11.380"></status>
</kw>
<status status="PASS" starttime="20200605 19:18:11.378" endtime="20200605 19:18:11.380"></status>
</kw>
<status status="PASS" starttime="20200605 19:18:11.375" endtime="20200605 19:18:11.381"></status>
</kw>
<status status="PASS" starttime="20200605 19:18:11.366" endtime="20200605 19:18:11.381"></status>
</kw>
<kw name="Log" library="BuiltIn">
<doc>Logs the given message with the given level.</doc>
<arguments>
<arg>${col_num}</arg>
</arguments>
<msg timestamp="20200605 19:18:11.383" level="INFO">2</msg>
<status status="PASS" starttime="20200605 19:18:11.382" endtime="20200605 19:18:11.383"></status>
</kw>
<kw name="Get Row Count" library="ExcelRobot">
<doc>Returns the specific number of rows of the sheet name specified.</doc>
<arguments>
<arg>${sSheetname}</arg>
</arguments>
<assign>
<var>${total_row}</var>
</assign>
<msg timestamp="20200605 19:18:11.384" level="INFO">${total_row} = 3</msg>
<status status="PASS" starttime="20200605 19:18:11.383" endtime="20200605 19:18:11.384"></status>
</kw>
<kw name="${row_num} IN RANGE [ 1 | ${total_row}+1 ]" type="for">
<kw name="${row_num} = 1" type="foritem">
<kw name="Read Cell Data" library="ExcelRobot">
<doc>Uses the column and row to return the data from that cell.</doc>
<arguments>
<arg>${sSheetname}</arg>
<arg>0</arg>
<arg>${row_num}</arg>
</arguments>
<assign>
<var>${TC_Num}</var>
</assign>
<msg timestamp="20200605 19:18:11.387" level="INFO">${TC_Num} = TC01</msg>
<status status="PASS" starttime="20200605 19:18:11.386" endtime="20200605 19:18:11.387"></status>
</kw>
<kw name="Run Keyword If" library="BuiltIn">
<doc>Runs the given keyword with the given arguments, if ``condition`` is true.</doc>
<arguments>
<arg>'${sTestcaseNo}'=='${TC_Num}'</arg>
<arg>Read Cell Data</arg>
<arg>${sSheetname}</arg>
<arg>${col_num}</arg>
<arg>${row_num}</arg>
</arguments>
<assign>
<var>${sSearchedData}</var>
</assign>
<kw name="Read Cell Data" library="ExcelRobot">
<doc>Uses the column and row to return the data from that cell.</doc>
<arguments>
<arg>${sSheetname}</arg>
<arg>${col_num}</arg>
<arg>${row_num}</arg>
</arguments>
<status status="PASS" starttime="20200605 19:18:11.388" endtime="20200605 19:18:11.389"></status>
</kw>
<msg timestamp="20200605 19:18:11.390" level="INFO">${sSearchedData} = admin123</msg>
<status status="PASS" starttime="20200605 19:18:11.387" endtime="20200605 19:18:11.390"></status>
</kw>
<kw name="Run Keyword If" library="BuiltIn">
<doc>Runs the given keyword with the given arguments, if ``condition`` is true.</doc>
<arguments>
<arg>"${sTestcaseNo}"=="${TC_Num}"</arg>
<arg>Exit For Loop</arg>
</arguments>
<kw name="Exit For Loop" library="BuiltIn">
<doc>Stops executing the enclosing for loop.</doc>
<msg timestamp="20200605 19:18:11.391" level="INFO">Exiting for loop altogether.</msg>
<status status="PASS" starttime="20200605 19:18:11.391" endtime="20200605 19:18:11.392"></status>
</kw>
<status status="PASS" starttime="20200605 19:18:11.390" endtime="20200605 19:18:11.392"></status>
</kw>
<status status="PASS" starttime="20200605 19:18:11.385" endtime="20200605 19:18:11.392"></status>
</kw>
<status status="PASS" starttime="20200605 19:18:11.385" endtime="20200605 19:18:11.392"></status>
</kw>
<msg timestamp="20200605 19:18:11.394" level="INFO">${colData} = admin123</msg>
<status status="PASS" starttime="20200605 19:18:11.360" endtime="20200605 19:18:11.394"></status>
</kw>
<kw name="Log" library="BuiltIn">
<doc>Logs the given message with the given level.</doc>
<arguments>
<arg>${colData}</arg>
</arguments>
<msg timestamp="20200605 19:18:11.395" level="INFO">admin123</msg>
<status status="PASS" starttime="20200605 19:18:11.394" endtime="20200605 19:18:11.395"></status>
</kw>
<msg timestamp="20200605 19:18:11.395" level="INFO">${password} = admin123</msg>
<status status="PASS" starttime="20200605 19:18:11.357" endtime="20200605 19:18:11.396"></status>
</kw>
<kw name="Open Browser" library="SeleniumLibrary">
<doc>Opens a new browser instance to the optional ``url``.</doc>
<arguments>
<arg>${url}</arg>
<arg>chrome</arg>
</arguments>
<msg timestamp="20200605 19:18:11.396" level="INFO">Opening browser 'chrome' to base url 'https://opensource-demo.orangehrmlive.com/'.</msg>
<status status="PASS" starttime="20200605 19:18:11.396" endtime="20200605 19:18:18.483"></status>
</kw>
<kw name="Maximize Browser Window" library="SeleniumLibrary">
<doc>Maximizes current browser window.</doc>
<status status="PASS" starttime="20200605 19:18:18.483" endtime="20200605 19:18:19.084"></status>
</kw>
<kw name="Set Browser Implicit Wait" library="SeleniumLibrary">
<doc>Sets the implicit wait value used by Selenium.</doc>
<arguments>
<arg>5</arg>
</arguments>
<status status="PASS" starttime="20200605 19:18:19.085" endtime="20200605 19:18:19.098"></status>
</kw>
<kw name="Input Text" library="SeleniumLibrary">
<doc>Types the given ``text`` into the text field identified by ``locator``.</doc>
<arguments>
<arg>id=txtUsername</arg>
<arg>${username}</arg>
</arguments>
<msg timestamp="20200605 19:18:19.100" level="INFO">Typing text 'Admin' into text field 'id=txtUsername'.</msg>
<status status="PASS" starttime="20200605 19:18:19.099" endtime="20200605 19:18:19.304"></status>
</kw>
<kw name="Input Password" library="SeleniumLibrary">
<doc>Types the given password into the text field identified by ``locator``.</doc>
<arguments>
<arg>id=txtPassword</arg>
<arg>${password}</arg>
</arguments>
<msg timestamp="20200605 19:18:19.305" level="INFO">Typing password into text field 'id=txtPassword'.</msg>
<msg timestamp="20200605 19:18:19.365" level="INFO">Temporally setting log level to: NONE</msg>
<msg timestamp="20200605 19:18:19.453" level="INFO">Log level changed from NONE to INFO.</msg>
<status status="PASS" starttime="20200605 19:18:19.305" endtime="20200605 19:18:19.453"></status>
</kw>
<kw name="Sleep" library="BuiltIn">
<doc>Pauses the test executed for the given time.</doc>
<arguments>
<arg>2</arg>
</arguments>
<msg timestamp="20200605 19:18:21.463" level="INFO">Slept 2 seconds</msg>
<status status="PASS" starttime="20200605 19:18:19.454" endtime="20200605 19:18:21.463"></status>
</kw>
<kw name="Click Button" library="SeleniumLibrary">
<doc>Clicks the button identified by ``locator``.</doc>
<arguments>
<arg>id=btnLogin</arg>
</arguments>
<msg timestamp="20200605 19:18:21.465" level="INFO">Clicking button 'id=btnLogin'.</msg>
<status status="PASS" starttime="20200605 19:18:21.464" endtime="20200605 19:18:26.636"></status>
</kw>
<kw name="Click Element" library="SeleniumLibrary">
<doc>Click the element identified by ``locator``.</doc>
<arguments>
<arg>id=welcome</arg>
</arguments>
<msg timestamp="20200605 19:18:26.638" level="INFO">Clicking element 'id=welcome'.</msg>
<status status="PASS" starttime="20200605 19:18:26.637" endtime="20200605 19:18:26.749"></status>
</kw>
<kw name="Click Element" library="SeleniumLibrary">
<doc>Click the element identified by ``locator``.</doc>
<arguments>
<arg>link=Logout</arg>
</arguments>
<msg timestamp="20200605 19:18:26.751" level="INFO">Clicking element 'link=Logout'.</msg>
<status status="PASS" starttime="20200605 19:18:26.750" endtime="20200605 19:18:27.831"></status>
</kw>
<kw name="Close Browser" library="SeleniumLibrary">
<doc>Closes the current browser.</doc>
<status status="PASS" starttime="20200605 19:18:27.832" endtime="20200605 19:18:30.159"></status>
</kw>
<kw name="Log" library="BuiltIn">
<doc>Logs the given message with the given level.</doc>
<arguments>
<arg>Test Completed</arg>
</arguments>
<msg timestamp="20200605 19:18:30.162" level="INFO">Test Completed</msg>
<status status="PASS" starttime="20200605 19:18:30.161" endtime="20200605 19:18:30.162"></status>
</kw>
<status status="PASS" starttime="20200605 19:18:11.301" endtime="20200605 19:18:30.163" critical="yes"></status>
</test>
<status status="PASS" starttime="20200605 19:18:08.636" endtime="20200605 19:18:30.166"></status>
</suite>
<status status="PASS" starttime="20200605 19:18:08.629" endtime="20200605 19:18:30.170"></status>
</suite>
<status status="PASS" starttime="20200605 19:18:08.587" endtime="20200605 19:18:30.171"></status>
</suite>
<statistics>
<total>
<stat pass="1" fail="0">Critical Tests</stat>
<stat pass="1" fail="0">All Tests</stat>
</total>
<tag>
</tag>
<suite>
<stat pass="1" fail="0" id="s1" name="DataDriven">DataDriven</stat>
<stat pass="1" fail="0" id="s1-s1" name="Test Suite">DataDriven.Test Suite</stat>
<stat pass="1" fail="0" id="s1-s1-s1" name="TC01">DataDriven.Test Suite.TC01</stat>
</suite>
</statistics>
<errors>
</errors>
</robot>
